<?xml version="1.0" encoding="UTF-8"?>
<testsuite name="com.copeika.monex.MonexApplicationTests" tests="1" skipped="0" failures="0" errors="0" timestamp="2019-07-06T17:31:31" hostname="LAPTOP-DVHGLKM8" time="0.272">
  <properties/>
  <testcase name="contextLoads" classname="com.copeika.monex.MonexApplicationTests" time="0.272"/>
  <system-out><![CDATA[00:31:24.713 [Test worker] DEBUG org.springframework.test.context.junit4.SpringJUnit4ClassRunner - SpringJUnit4ClassRunner constructor called with [class com.copeika.monex.MonexApplicationTests]
00:31:24.726 [Test worker] DEBUG org.springframework.test.context.BootstrapUtils - Instantiating CacheAwareContextLoaderDelegate from class [org.springframework.test.context.cache.DefaultCacheAwareContextLoaderDelegate]
00:31:24.740 [Test worker] DEBUG org.springframework.test.context.BootstrapUtils - Instantiating BootstrapContext using constructor [public org.springframework.test.context.support.DefaultBootstrapContext(java.lang.Class,org.springframework.test.context.CacheAwareContextLoaderDelegate)]
00:31:24.772 [Test worker] DEBUG org.springframework.test.context.BootstrapUtils - Instantiating TestContextBootstrapper for test class [com.copeika.monex.MonexApplicationTests] from class [org.springframework.boot.test.context.SpringBootTestContextBootstrapper]
00:31:24.794 [Test worker] INFO org.springframework.boot.test.context.SpringBootTestContextBootstrapper - Neither @ContextConfiguration nor @ContextHierarchy found for test class [com.copeika.monex.MonexApplicationTests], using SpringBootContextLoader
00:31:24.801 [Test worker] DEBUG org.springframework.test.context.support.AbstractContextLoader - Did not detect default resource location for test class [com.copeika.monex.MonexApplicationTests]: class path resource [com/copeika/monex/MonexApplicationTests-context.xml] does not exist
00:31:24.801 [Test worker] DEBUG org.springframework.test.context.support.AbstractContextLoader - Did not detect default resource location for test class [com.copeika.monex.MonexApplicationTests]: class path resource [com/copeika/monex/MonexApplicationTestsContext.groovy] does not exist
00:31:24.802 [Test worker] INFO org.springframework.test.context.support.AbstractContextLoader - Could not detect default resource locations for test class [com.copeika.monex.MonexApplicationTests]: no resource found for suffixes {-context.xml, Context.groovy}.
00:31:24.803 [Test worker] INFO org.springframework.test.context.support.AnnotationConfigContextLoaderUtils - Could not detect default configuration classes for test class [com.copeika.monex.MonexApplicationTests]: MonexApplicationTests does not declare any static, non-private, non-final, nested classes annotated with @Configuration.
00:31:24.868 [Test worker] DEBUG org.springframework.test.context.support.ActiveProfilesUtils - Could not find an 'annotation declaring class' for annotation type [org.springframework.test.context.ActiveProfiles] and class [com.copeika.monex.MonexApplicationTests]
00:31:24.966 [Test worker] DEBUG org.springframework.context.annotation.ClassPathScanningCandidateComponentProvider - Identified candidate component class: file [C:\Users\M_\Desktop\Шифт 2019\Kopeechka\Monex-master\Monex-master\build\classes\java\main\com\copeika\monex\MonexApplication.class]
00:31:24.970 [Test worker] INFO org.springframework.boot.test.context.SpringBootTestContextBootstrapper - Found @SpringBootConfiguration com.copeika.monex.MonexApplication for test class com.copeika.monex.MonexApplicationTests
00:31:25.109 [Test worker] DEBUG org.springframework.boot.test.context.SpringBootTestContextBootstrapper - @TestExecutionListeners is not present for class [com.copeika.monex.MonexApplicationTests]: using defaults.
00:31:25.110 [Test worker] INFO org.springframework.boot.test.context.SpringBootTestContextBootstrapper - Loaded default TestExecutionListener class names from location [META-INF/spring.factories]: [org.springframework.test.context.web.ServletTestExecutionListener, org.springframework.test.context.support.DirtiesContextBeforeModesTestExecutionListener, org.springframework.test.context.support.DependencyInjectionTestExecutionListener, org.springframework.test.context.support.DirtiesContextTestExecutionListener, org.springframework.test.context.transaction.TransactionalTestExecutionListener, org.springframework.test.context.jdbc.SqlScriptsTestExecutionListener, org.springframework.boot.test.autoconfigure.restdocs.RestDocsTestExecutionListener, org.springframework.boot.test.autoconfigure.web.client.MockRestServiceServerResetTestExecutionListener, org.springframework.boot.test.autoconfigure.web.servlet.MockMvcPrintOnlyOnFailureTestExecutionListener, org.springframework.boot.test.autoconfigure.web.servlet.WebDriverTestExecutionListener, org.springframework.boot.test.mock.mockito.MockitoTestExecutionListener, org.springframework.boot.test.mock.mockito.ResetMocksTestExecutionListener]
00:31:25.138 [Test worker] INFO org.springframework.boot.test.context.SpringBootTestContextBootstrapper - Using TestExecutionListeners: [org.springframework.test.context.web.ServletTestExecutionListener@59873d02, org.springframework.test.context.support.DirtiesContextBeforeModesTestExecutionListener@3a01ed12, org.springframework.boot.test.mock.mockito.MockitoTestExecutionListener@23a140b6, org.springframework.boot.test.autoconfigure.SpringBootDependencyInjectionTestExecutionListener@135bd8f9, org.springframework.test.context.support.DirtiesContextTestExecutionListener@73d498bd, org.springframework.test.context.transaction.TransactionalTestExecutionListener@460892a8, org.springframework.test.context.jdbc.SqlScriptsTestExecutionListener@6f05ce2f, org.springframework.boot.test.autoconfigure.restdocs.RestDocsTestExecutionListener@22545f26, org.springframework.boot.test.autoconfigure.web.client.MockRestServiceServerResetTestExecutionListener@75123aa1, org.springframework.boot.test.autoconfigure.web.servlet.MockMvcPrintOnlyOnFailureTestExecutionListener@778d7b79, org.springframework.boot.test.autoconfigure.web.servlet.WebDriverTestExecutionListener@3638b711, org.springframework.boot.test.mock.mockito.ResetMocksTestExecutionListener@3615639f]
00:31:25.143 [Test worker] DEBUG org.springframework.test.annotation.ProfileValueUtils - Retrieved @ProfileValueSourceConfiguration [null] for test class [com.copeika.monex.MonexApplicationTests]
00:31:25.144 [Test worker] DEBUG org.springframework.test.annotation.ProfileValueUtils - Retrieved ProfileValueSource type [class org.springframework.test.annotation.SystemProfileValueSource] for class [com.copeika.monex.MonexApplicationTests]
00:31:25.145 [Test worker] DEBUG org.springframework.test.annotation.ProfileValueUtils - Retrieved @ProfileValueSourceConfiguration [null] for test class [com.copeika.monex.MonexApplicationTests]
00:31:25.146 [Test worker] DEBUG org.springframework.test.annotation.ProfileValueUtils - Retrieved ProfileValueSource type [class org.springframework.test.annotation.SystemProfileValueSource] for class [com.copeika.monex.MonexApplicationTests]
00:31:25.154 [Test worker] DEBUG org.springframework.test.context.support.AbstractDirtiesContextTestExecutionListener - Before test class: context [DefaultTestContext@41114c3 testClass = MonexApplicationTests, testInstance = [null], testMethod = [null], testException = [null], mergedContextConfiguration = [WebMergedContextConfiguration@77e9e250 testClass = MonexApplicationTests, locations = '{}', classes = '{class com.copeika.monex.MonexApplication}', contextInitializerClasses = '[]', activeProfiles = '{}', propertySourceLocations = '{}', propertySourceProperties = '{org.springframework.boot.test.context.SpringBootTestContextBootstrapper=true}', contextCustomizers = set[org.springframework.boot.test.autoconfigure.properties.PropertyMappingContextCustomizer@0, org.springframework.boot.test.autoconfigure.web.servlet.WebDriverContextCustomizerFactory$Customizer@53fdcbc2, org.springframework.boot.test.context.filter.ExcludeFilterContextCustomizer@48b6a6fa, org.springframework.boot.test.json.DuplicateJsonObjectContextCustomizerFactory$DuplicateJsonObjectContextCustomizer@7651bd17, org.springframework.boot.test.mock.mockito.MockitoContextCustomizer@0, org.springframework.boot.test.web.client.TestRestTemplateContextCustomizer@4dec44b4, org.springframework.boot.test.web.reactive.server.WebTestClientContextCustomizer@75ee4b41], resourceBasePath = 'src/main/webapp', contextLoader = 'org.springframework.boot.test.context.SpringBootContextLoader', parent = [null]], attributes = map['org.springframework.test.context.web.ServletTestExecutionListener.activateListener' -> true]], class annotated with @DirtiesContext [false] with mode [null].
00:31:25.155 [Test worker] DEBUG org.springframework.test.annotation.ProfileValueUtils - Retrieved @ProfileValueSourceConfiguration [null] for test class [com.copeika.monex.MonexApplicationTests]
00:31:25.156 [Test worker] DEBUG org.springframework.test.annotation.ProfileValueUtils - Retrieved ProfileValueSource type [class org.springframework.test.annotation.SystemProfileValueSource] for class [com.copeika.monex.MonexApplicationTests]
00:31:25.198 [Test worker] DEBUG org.springframework.test.context.support.TestPropertySourceUtils - Adding inlined properties to environment: {spring.jmx.enabled=false, org.springframework.boot.test.context.SpringBootTestContextBootstrapper=true, server.port=-1}

  .   ____          _            __ _ _
 /\\ / ___'_ __ _ _(_)_ __  __ _ \ \ \ \
( ( )\___ | '_ | '_| | '_ \/ _` | \ \ \ \
 \\/  ___)| |_)| | | | | || (_| |  ) ) ) )
  '  |____| .__|_| |_|_| |_\__, | / / / /
 =========|_|==============|___/=/_/_/_/
 :: Spring Boot ::        (v2.1.6.RELEASE)

2019-07-07 00:31:25.661  INFO 112476 --- [    Test worker] com.copeika.monex.MonexApplicationTests  : Starting MonexApplicationTests on LAPTOP-DVHGLKM8 with PID 112476 (started by M_ in C:\Users\M_\Desktop\Шифт 2019\Kopeechka\Monex-master\Monex-master)
2019-07-07 00:31:25.663  INFO 112476 --- [    Test worker] com.copeika.monex.MonexApplicationTests  : No active profile set, falling back to default profiles: default
2019-07-07 00:31:27.854  INFO 112476 --- [    Test worker] trationDelegate$BeanPostProcessorChecker : Bean 'org.springframework.ws.config.annotation.DelegatingWsConfiguration' of type [org.springframework.ws.config.annotation.DelegatingWsConfiguration$$EnhancerBySpringCGLIB$$c1e36bbf] is not eligible for getting processed by all BeanPostProcessors (for example: not eligible for auto-proxying)
2019-07-07 00:31:27.959  INFO 112476 --- [    Test worker] .w.s.a.s.AnnotationActionEndpointMapping : Supporting [WS-Addressing August 2004, WS-Addressing 1.0]
2019-07-07 00:31:27.986  INFO 112476 --- [    Test worker] trationDelegate$BeanPostProcessorChecker : Bean 'org.springframework.hateoas.config.HateoasConfiguration' of type [org.springframework.hateoas.config.HateoasConfiguration$$EnhancerBySpringCGLIB$$9ccbf3f2] is not eligible for getting processed by all BeanPostProcessors (for example: not eligible for auto-proxying)
2019-07-07 00:31:29.914  INFO 112476 --- [    Test worker] o.s.s.concurrent.ThreadPoolTaskExecutor  : Initializing ExecutorService 'applicationTaskExecutor'
2019-07-07 00:31:31.393  INFO 112476 --- [    Test worker] com.copeika.monex.MonexApplicationTests  : Started MonexApplicationTests in 6.179 seconds (JVM running for 7.963)
]]></system-out>
  <system-err><![CDATA[]]></system-err>
</testsuite>
